#
# There is insufficient memory for the Java Runtime Environment to continue.
# Native memory allocation (malloc) failed to allocate 32744 bytes. Error detail: Chunk::new
# Possible reasons:
#   The system is out of physical RAM or swap space
#   This process is running with CompressedOops enabled, and the Java Heap may be blocking the growth of the native heap
# Possible solutions:
#   Reduce memory load on the system
#   Increase physical memory or swap space
#   Check if swap backing store is full
#   Decrease Java heap size (-Xmx/-Xms)
#   Decrease number of Java threads
#   Decrease Java thread stack sizes (-Xss)
#   Set larger code cache with -XX:ReservedCodeCacheSize=
#   JVM is running with Unscaled Compressed Oops mode in which the Java heap is
#     placed in the first 4GB address space. The Java Heap base address is the
#     maximum limit for the native heap growth. Please use -XX:HeapBaseMinAddress
#     to set the Java Heap base and to place the Java Heap above 4GB virtual address.
# This output file may be truncated or incomplete.
#
#  Out of Memory Error (arena.cpp:168), pid=11180, tid=1456
#
# JRE version: OpenJDK Runtime Environment Temurin-21.0.4+7 (21.0.4+7) (build 21.0.4+7-LTS)
# Java VM: OpenJDK 64-Bit Server VM Temurin-21.0.4+7 (21.0.4+7-LTS, mixed mode, tiered, compressed oops, compressed class ptrs, g1 gc, windows-amd64)
# No core dump will be written. Minidumps are not enabled by default on client versions of Windows
#

---------------  S U M M A R Y ------------

Command Line: -Dfile.encoding=UTF-8 -Dstdout.encoding=UTF-8 -Dstderr.encoding=UTF-8 --module-path=C:\Users\hazem\git\progettoDistributoreGr7\DistributoreAutomatico\bin -XX:+ShowCodeDetailsInExceptionMessages -Djdk.module.main=DistributoreAutomatico DistributoreAutomatico/mainpackage.DistributoreBevande

Host: Intel(R) Core(TM) i5-10210U CPU @ 1.60GHz, 8 cores, 7G,  Windows 11 , 64 bit Build 22621 (10.0.22621.4391)
Time: Wed Dec 11 17:53:29 2024 ora solare Europa occidentale elapsed time: 0.493702 seconds (0d 0h 0m 0s)

---------------  T H R E A D  ---------------

Current thread (0x000001e43d89f7f0):  JavaThread "main"             [_thread_in_vm, id=1456, stack(0x0000009784400000,0x0000009784500000) (1024K)]

Stack: [0x0000009784400000,0x0000009784500000]
Native frames: (J=compiled Java code, j=interpreted, Vv=VM code, C=native code)
V  [jvm.dll+0x6cbcf9]
V  [jvm.dll+0x8a5551]
V  [jvm.dll+0x8a7a7e]
V  [jvm.dll+0x8a8153]
V  [jvm.dll+0x27eca6]
V  [jvm.dll+0xc4aad]
V  [jvm.dll+0xc4fe3]
V  [jvm.dll+0x721df5]
V  [jvm.dll+0x722acf]
V  [jvm.dll+0x3c26df]
V  [jvm.dll+0x3c14dc]
V  [jvm.dll+0x3c1478]
V  [jvm.dll+0x3d33ca]
C  0x000001e4488ea82b

The last pc belongs to new (printed below).
Java frames: (J=compiled Java code, j=interpreted, Vv=VM code)
j  java.util.stream.StreamSupport.intStream(Ljava/util/Spliterator$OfInt;Z)Ljava/util/stream/IntStream;+0 java.base@21.0.4
j  java.lang.String.chars()Ljava/util/stream/IntStream;+39 java.base@21.0.4
j  java.text.DecimalFormatSymbols.findNonFormatChar(Ljava/lang/String;C)C+1 java.base@21.0.4
j  java.text.DecimalFormatSymbols.initialize(Ljava/util/Locale;)V+112 java.base@21.0.4
j  java.text.DecimalFormatSymbols.<init>(Ljava/util/Locale;)V+11 java.base@21.0.4
j  sun.util.locale.provider.DecimalFormatSymbolsProviderImpl.getInstance(Ljava/util/Locale;)Ljava/text/DecimalFormatSymbols;+17 java.base@21.0.4
j  java.text.DecimalFormatSymbols.getInstance(Ljava/util/Locale;)Ljava/text/DecimalFormatSymbols;+14 java.base@21.0.4
j  sun.util.locale.provider.NumberFormatProviderImpl.getInstance(Ljava/util/Locale;I)Ljava/text/NumberFormat;+51 java.base@21.0.4
j  sun.util.locale.provider.NumberFormatProviderImpl.getNumberInstance(Ljava/util/Locale;)Ljava/text/NumberFormat;+3 java.base@21.0.4
j  java.text.NumberFormat.getInstance(Lsun/util/locale/provider/LocaleProviderAdapter;Ljava/util/Locale;Ljava/text/NumberFormat$Style;I)Ljava/text/NumberFormat;+47 java.base@21.0.4
j  java.text.NumberFormat.getInstance(Ljava/util/Locale;Ljava/text/NumberFormat$Style;I)Ljava/text/NumberFormat;+11 java.base@21.0.4
j  java.text.NumberFormat.getNumberInstance(Ljava/util/Locale;)Ljava/text/NumberFormat;+3 java.base@21.0.4
j  java.util.Scanner.useLocale(Ljava/util/Locale;)Ljava/util/Scanner;+31 java.base@21.0.4
j  java.util.Scanner.<init>(Ljava/lang/Readable;Ljava/util/regex/Pattern;)V+243 java.base@21.0.4
j  java.util.Scanner.<init>(Ljava/io/InputStream;)V+12 java.base@21.0.4
j  mainpackage.DistributoreBevande.main([Ljava/lang/String;)V+7 DistributoreAutomatico
v  ~StubRoutines::call_stub 0x000001e4488d100d
new  187 new  [0x000001e4488ea6a0, 0x000001e4488ea8a0]  512 bytes
[MachCode]
  0x000001e4488ea6a0: 4883 ec08 | c5fa 1104 | 24eb 1f48 | 83ec 10c5 | fb11 0424 | eb14 4883 | ec10 4889 | 0424 48c7 
  0x000001e4488ea6c0: 4424 0800 | 0000 00eb | 0150 410f | b755 010f | cac1 ea10 | 488b 4de8 | 488b 4908 | 488b 4908 
  0x000001e4488ea6e0: 488b 4108 | 807c 1004 | 070f 85ca | 0000 0066 | 8b54 d148 | 488b 4928 | 488b 4cd1 | 0851 80b9 
  0x000001e4488ea700: 2001 0000 | 050f 85ad | 0000 008b | 5108 f6c2 | 010f 85a1 | 0000 0049 | 8b87 b801 | 0000 488d 
  0x000001e4488ea720: 1c10 493b | 9fc8 0100 | 000f 8789 | 0000 0049 | 899f b801 | 0000 4883 | ea10 0f84 | 0f00 0000 
  0x000001e4488ea740: 33c9 c1ea | 0348 894c | d008 48ff | ca75 f648 | c700 0100 | 0000 5933 | f689 700c | 48c1 e903 
  0x000001e4488ea760: 8948 0849 | bab7 ea50 | e1fe 7f00 | 0041 803a | 000f 843c | 0000 0050 | 488b c848 | 83ec 2040 
  0x000001e4488ea780: f6c4 0f0f | 8419 0000 | 0048 83ec | 0848 b8d0 | 27fb e0fe | 7f00 00ff | d048 83c4 | 08e9 0c00 
  0x000001e4488ea7a0: 0000 48b8 | d027 fbe0 | fe7f 0000 | ffd0 4883 | c420 58e9 | cb00 0000 | 5948 8b55 | e848 8b52 
  0x000001e4488ea7c0: 0848 8b52 | 0845 0fb7 | 4501 410f | c841 c1e8 | 10e8 0500 | 0000 e9a8 | 0000 0048 | 8d44 2408 
  0x000001e4488ea7e0: 4c89 6dc0 | 498b cfc5 | f877 4989 | afa8 0300 | 0049 8987 | 9803 0000 | 4883 ec20 | 40f6 c40f 
  0x000001e4488ea800: 0f84 1900 | 0000 4883 | ec08 48b8 | 4033 c5e0 | fe7f 0000 | ffd0 4883 | c408 e90c | 0000 0048 
  0x000001e4488ea820: b840 33c5 | e0fe 7f00 | 00ff d048 | 83c4 2049 | c787 9803 | 0000 0000 | 0000 49c7 | 87a8 0300 
  0x000001e4488ea840: 0000 0000 | 0049 c787 | a003 0000 | 0000 0000 | c5f8 7749 | 837f 0800 | 0f84 0500 | 0000 e99d 
  0x000001e4488ea860: 66fe ff49 | 8b87 f003 | 0000 49c7 | 87f0 0300 | 0000 0000 | 004c 8b6d | c04c 8b75 | c84e 8d74 
  0x000001e4488ea880: f500 c341 | 0fb6 5d03 | 4983 c503 | 49ba 30b1 | 53e1 fe7f | 0000 41ff | 24da 660f | 1f44 0000 
[/MachCode]

---------------  P R O C E S S  ---------------

Threads class SMR info:
_java_thread_list=0x000001e455bf5130, length=11, elements={
0x000001e43d89f7f0, 0x000001e455934fe0, 0x000001e455935d70, 0x000001e4559172d0,
0x000001e45591be50, 0x000001e45591c8b0, 0x000001e455937020, 0x000001e45593b3e0,
0x000001e45593c0e0, 0x000001e45580b430, 0x000001e455c304d0
}

Java Threads: ( => current thread )
=>0x000001e43d89f7f0 JavaThread "main"                              [_thread_in_vm, id=1456, stack(0x0000009784400000,0x0000009784500000) (1024K)]
  0x000001e455934fe0 JavaThread "Reference Handler"          daemon [_thread_blocked, id=6708, stack(0x0000009784c00000,0x0000009784d00000) (1024K)]
  0x000001e455935d70 JavaThread "Finalizer"                  daemon [_thread_blocked, id=10008, stack(0x0000009784d00000,0x0000009784e00000) (1024K)]
  0x000001e4559172d0 JavaThread "Signal Dispatcher"          daemon [_thread_blocked, id=5440, stack(0x0000009784e00000,0x0000009784f00000) (1024K)]
  0x000001e45591be50 JavaThread "Attach Listener"            daemon [_thread_blocked, id=15548, stack(0x0000009784f00000,0x0000009785000000) (1024K)]
  0x000001e45591c8b0 JavaThread "Service Thread"             daemon [_thread_blocked, id=7412, stack(0x0000009785000000,0x0000009785100000) (1024K)]
  0x000001e455937020 JavaThread "Monitor Deflation Thread"   daemon [_thread_blocked, id=2792, stack(0x0000009785100000,0x0000009785200000) (1024K)]
  0x000001e45593b3e0 JavaThread "C2 CompilerThread0"         daemon [_thread_blocked, id=2384, stack(0x0000009785200000,0x0000009785300000) (1024K)]
  0x000001e45593c0e0 JavaThread "C1 CompilerThread0"         daemon [_thread_blocked, id=15132, stack(0x0000009785300000,0x0000009785400000) (1024K)]
  0x000001e45580b430 JavaThread "Common-Cleaner"             daemon [_thread_blocked, id=13364, stack(0x0000009785400000,0x0000009785500000) (1024K)]
  0x000001e455c304d0 JavaThread "Notification Thread"        daemon [_thread_blocked, id=16324, stack(0x0000009785500000,0x0000009785600000) (1024K)]
Total: 11

Other Threads:
  0x000001e45588df70 VMThread "VM Thread"                           [id=17868, stack(0x0000009784b00000,0x0000009784c00000) (1024K)]
  0x000001e45580a880 WatcherThread "VM Periodic Task Thread"        [id=1912, stack(0x0000009784a00000,0x0000009784b00000) (1024K)]
  0x000001e43d8fc680 WorkerThread "GC Thread#0"                     [id=17876, stack(0x0000009784500000,0x0000009784600000) (1024K)]
  0x000001e43d90dab0 ConcurrentGCThread "G1 Main Marker"            [id=9896, stack(0x0000009784600000,0x0000009784700000) (1024K)]
  0x000001e43d90f460 WorkerThread "G1 Conc#0"                       [id=18324, stack(0x0000009784700000,0x0000009784800000) (1024K)]
  0x000001e4556da930 ConcurrentGCThread "G1 Refine#0"               [id=14644, stack(0x0000009784800000,0x0000009784900000) (1024K)]
  0x000001e4556db150 ConcurrentGCThread "G1 Service"                [id=16188, stack(0x0000009784900000,0x0000009784a00000) (1024K)]
Total: 7

Threads with active compile tasks:
Total: 0

VM state: not at safepoint (normal execution)

VM Mutex/Monitor currently owned by a thread: None

Heap address: 0x0000000082800000, size: 2008 MB, Compressed Oops mode: 32-bit

CDS archive(s) not mapped
Compressed class space mapped at: 0x0000000100000000-0x0000000140000000, reserved size: 1073741824
Narrow klass base: 0x0000000000000000, Narrow klass shift: 3, Narrow klass range: 0x140000000

GC Precious Log:
 CardTable entry size: 512
 Card Set container configuration: InlinePtr #cards 5 size 8 Array Of Cards #cards 12 size 40 Howl #buckets 4 coarsen threshold 1843 Howl Bitmap #cards 512 size 80 coarsen threshold 460 Card regions per heap region 1 cards per card region 2048
 CPUs: 8 total, 8 available
 Memory: 8025M
 Large Page Support: Disabled
 NUMA Support: Disabled
 Compressed Oops: Enabled (32-bit)
 Heap Region Size: 1M
 Heap Min Capacity: 8M
 Heap Initial Capacity: 126M
 Heap Max Capacity: 2008M
 Pre-touch: Disabled
 Parallel Workers: 8
 Concurrent Workers: 2
 Concurrent Refinement Workers: 8
 Periodic GC: Disabled

Heap:
 garbage-first heap   total 129024K, used 3072K [0x0000000082800000, 0x0000000100000000)
  region size 1024K, 4 young (4096K), 0 survivors (0K)
 Metaspace       used 8447K, committed 8640K, reserved 1114112K
  class space    used 707K, committed 832K, reserved 1048576K

Heap Regions: E=young(eden), S=young(survivor), O=old, HS=humongous(starts), HC=humongous(continues), CS=collection set, F=free, TAMS=top-at-mark-start, PB=parsable bottom
|   0|0x0000000082800000, 0x0000000082800000, 0x0000000082900000|  0%| F|  |TAMS 0x0000000082800000| PB 0x0000000082800000| Untracked 
|   1|0x0000000082900000, 0x0000000082900000, 0x0000000082a00000|  0%| F|  |TAMS 0x0000000082900000| PB 0x0000000082900000| Untracked 
|   2|0x0000000082a00000, 0x0000000082a00000, 0x0000000082b00000|  0%| F|  |TAMS 0x0000000082a00000| PB 0x0000000082a00000| Untracked 
|   3|0x0000000082b00000, 0x0000000082b00000, 0x0000000082c00000|  0%| F|  |TAMS 0x0000000082b00000| PB 0x0000000082b00000| Untracked 
|   4|0x0000000082c00000, 0x0000000082c00000, 0x0000000082d00000|  0%| F|  |TAMS 0x0000000082c00000| PB 0x0000000082c00000| Untracked 
|   5|0x0000000082d00000, 0x0000000082d00000, 0x0000000082e00000|  0%| F|  |TAMS 0x0000000082d00000| PB 0x0000000082d00000| Untracked 
|   6|0x0000000082e00000, 0x0000000082e00000, 0x0000000082f00000|  0%| F|  |TAMS 0x0000000082e00000| PB 0x0000000082e00000| Untracked 
|   7|0x0000000082f00000, 0x0000000082f00000, 0x0000000083000000|  0%| F|  |TAMS 0x0000000082f00000| PB 0x0000000082f00000| Untracked 
|   8|0x0000000083000000, 0x0000000083000000, 0x0000000083100000|  0%| F|  |TAMS 0x0000000083000000| PB 0x0000000083000000| Untracked 
|   9|0x0000000083100000, 0x0000000083100000, 0x0000000083200000|  0%| F|  |TAMS 0x0000000083100000| PB 0x0000000083100000| Untracked 
|  10|0x0000000083200000, 0x0000000083200000, 0x0000000083300000|  0%| F|  |TAMS 0x0000000083200000| PB 0x0000000083200000| Untracked 
|  11|0x0000000083300000, 0x0000000083300000, 0x0000000083400000|  0%| F|  |TAMS 0x0000000083300000| PB 0x0000000083300000| Untracked 
|  12|0x0000000083400000, 0x0000000083400000, 0x0000000083500000|  0%| F|  |TAMS 0x0000000083400000| PB 0x0000000083400000| Untracked 
|  13|0x0000000083500000, 0x0000000083500000, 0x0000000083600000|  0%| F|  |TAMS 0x0000000083500000| PB 0x0000000083500000| Untracked 
|  14|0x0000000083600000, 0x0000000083600000, 0x0000000083700000|  0%| F|  |TAMS 0x0000000083600000| PB 0x0000000083600000| Untracked 
|  15|0x0000000083700000, 0x0000000083700000, 0x0000000083800000|  0%| F|  |TAMS 0x0000000083700000| PB 0x0000000083700000| Untracked 
|  16|0x0000000083800000, 0x0000000083800000, 0x0000000083900000|  0%| F|  |TAMS 0x0000000083800000| PB 0x0000000083800000| Untracked 
|  17|0x0000000083900000, 0x0000000083900000, 0x0000000083a00000|  0%| F|  |TAMS 0x0000000083900000| PB 0x0000000083900000| Untracked 
|  18|0x0000000083a00000, 0x0000000083a00000, 0x0000000083b00000|  0%| F|  |TAMS 0x0000000083a00000| PB 0x0000000083a00000| Untracked 
|  19|0x0000000083b00000, 0x0000000083b00000, 0x0000000083c00000|  0%| F|  |TAMS 0x0000000083b00000| PB 0x0000000083b00000| Untracked 
|  20|0x0000000083c00000, 0x0000000083c00000, 0x0000000083d00000|  0%| F|  |TAMS 0x0000000083c00000| PB 0x0000000083c00000| Untracked 
|  21|0x0000000083d00000, 0x0000000083d00000, 0x0000000083e00000|  0%| F|  |TAMS 0x0000000083d00000| PB 0x0000000083d00000| Untracked 
|  22|0x0000000083e00000, 0x0000000083e00000, 0x0000000083f00000|  0%| F|  |TAMS 0x0000000083e00000| PB 0x0000000083e00000| Untracked 
|  23|0x0000000083f00000, 0x0000000083f00000, 0x0000000084000000|  0%| F|  |TAMS 0x0000000083f00000| PB 0x0000000083f00000| Untracked 
|  24|0x0000000084000000, 0x0000000084000000, 0x0000000084100000|  0%| F|  |TAMS 0x0000000084000000| PB 0x0000000084000000| Untracked 
|  25|0x0000000084100000, 0x0000000084100000, 0x0000000084200000|  0%| F|  |TAMS 0x0000000084100000| PB 0x0000000084100000| Untracked 
|  26|0x0000000084200000, 0x0000000084200000, 0x0000000084300000|  0%| F|  |TAMS 0x0000000084200000| PB 0x0000000084200000| Untracked 
|  27|0x0000000084300000, 0x0000000084300000, 0x0000000084400000|  0%| F|  |TAMS 0x0000000084300000| PB 0x0000000084300000| Untracked 
|  28|0x0000000084400000, 0x0000000084400000, 0x0000000084500000|  0%| F|  |TAMS 0x0000000084400000| PB 0x0000000084400000| Untracked 
|  29|0x0000000084500000, 0x0000000084500000, 0x0000000084600000|  0%| F|  |TAMS 0x0000000084500000| PB 0x0000000084500000| Untracked 
|  30|0x0000000084600000, 0x0000000084600000, 0x0000000084700000|  0%| F|  |TAMS 0x0000000084600000| PB 0x0000000084600000| Untracked 
|  31|0x0000000084700000, 0x0000000084700000, 0x0000000084800000|  0%| F|  |TAMS 0x0000000084700000| PB 0x0000000084700000| Untracked 
|  32|0x0000000084800000, 0x0000000084800000, 0x0000000084900000|  0%| F|  |TAMS 0x0000000084800000| PB 0x0000000084800000| Untracked 
|  33|0x0000000084900000, 0x0000000084900000, 0x0000000084a00000|  0%| F|  |TAMS 0x0000000084900000| PB 0x0000000084900000| Untracked 
|  34|0x0000000084a00000, 0x0000000084a00000, 0x0000000084b00000|  0%| F|  |TAMS 0x0000000084a00000| PB 0x0000000084a00000| Untracked 
|  35|0x0000000084b00000, 0x0000000084b00000, 0x0000000084c00000|  0%| F|  |TAMS 0x0000000084b00000| PB 0x0000000084b00000| Untracked 
|  36|0x0000000084c00000, 0x0000000084c00000, 0x0000000084d00000|  0%| F|  |TAMS 0x0000000084c00000| PB 0x0000000084c00000| Untracked 
|  37|0x0000000084d00000, 0x0000000084d00000, 0x0000000084e00000|  0%| F|  |TAMS 0x0000000084d00000| PB 0x0000000084d00000| Untracked 
|  38|0x0000000084e00000, 0x0000000084e00000, 0x0000000084f00000|  0%| F|  |TAMS 0x0000000084e00000| PB 0x0000000084e00000| Untracked 
|  39|0x0000000084f00000, 0x0000000084f00000, 0x0000000085000000|  0%| F|  |TAMS 0x0000000084f00000| PB 0x0000000084f00000| Untracked 
|  40|0x0000000085000000, 0x0000000085000000, 0x0000000085100000|  0%| F|  |TAMS 0x0000000085000000| PB 0x0000000085000000| Untracked 
|  41|0x0000000085100000, 0x0000000085100000, 0x0000000085200000|  0%| F|  |TAMS 0x0000000085100000| PB 0x0000000085100000| Untracked 
|  42|0x0000000085200000, 0x0000000085200000, 0x0000000085300000|  0%| F|  |TAMS 0x0000000085200000| PB 0x0000000085200000| Untracked 
|  43|0x0000000085300000, 0x0000000085300000, 0x0000000085400000|  0%| F|  |TAMS 0x0000000085300000| PB 0x0000000085300000| Untracked 
|  44|0x0000000085400000, 0x0000000085400000, 0x0000000085500000|  0%| F|  |TAMS 0x0000000085400000| PB 0x0000000085400000| Untracked 
|  45|0x0000000085500000, 0x0000000085500000, 0x0000000085600000|  0%| F|  |TAMS 0x0000000085500000| PB 0x0000000085500000| Untracked 
|  46|0x0000000085600000, 0x0000000085600000, 0x0000000085700000|  0%| F|  |TAMS 0x0000000085600000| PB 0x0000000085600000| Untracked 
|  47|0x0000000085700000, 0x0000000085700000, 0x0000000085800000|  0%| F|  |TAMS 0x0000000085700000| PB 0x0000000085700000| Untracked 
|  48|0x0000000085800000, 0x0000000085800000, 0x0000000085900000|  0%| F|  |TAMS 0x0000000085800000| PB 0x0000000085800000| Untracked 
|  49|0x0000000085900000, 0x0000000085900000, 0x0000000085a00000|  0%| F|  |TAMS 0x0000000085900000| PB 0x0000000085900000| Untracked 
|  50|0x0000000085a00000, 0x0000000085a00000, 0x0000000085b00000|  0%| F|  |TAMS 0x0000000085a00000| PB 0x0000000085a00000| Untracked 
|  51|0x0000000085b00000, 0x0000000085b00000, 0x0000000085c00000|  0%| F|  |TAMS 0x0000000085b00000| PB 0x0000000085b00000| Untracked 
|  52|0x0000000085c00000, 0x0000000085c00000, 0x0000000085d00000|  0%| F|  |TAMS 0x0000000085c00000| PB 0x0000000085c00000| Untracked 
|  53|0x0000000085d00000, 0x0000000085d00000, 0x0000000085e00000|  0%| F|  |TAMS 0x0000000085d00000| PB 0x0000000085d00000| Untracked 
|  54|0x0000000085e00000, 0x0000000085e00000, 0x0000000085f00000|  0%| F|  |TAMS 0x0000000085e00000| PB 0x0000000085e00000| Untracked 
|  55|0x0000000085f00000, 0x0000000085f00000, 0x0000000086000000|  0%| F|  |TAMS 0x0000000085f00000| PB 0x0000000085f00000| Untracked 
|  56|0x0000000086000000, 0x0000000086000000, 0x0000000086100000|  0%| F|  |TAMS 0x0000000086000000| PB 0x0000000086000000| Untracked 
|  57|0x0000000086100000, 0x0000000086100000, 0x0000000086200000|  0%| F|  |TAMS 0x0000000086100000| PB 0x0000000086100000| Untracked 
|  58|0x0000000086200000, 0x0000000086200000, 0x0000000086300000|  0%| F|  |TAMS 0x0000000086200000| PB 0x0000000086200000| Untracked 
|  59|0x0000000086300000, 0x0000000086300000, 0x0000000086400000|  0%| F|  |TAMS 0x0000000086300000| PB 0x0000000086300000| Untracked 
|  60|0x0000000086400000, 0x0000000086400000, 0x0000000086500000|  0%| F|  |TAMS 0x0000000086400000| PB 0x0000000086400000| Untracked 
|  61|0x0000000086500000, 0x0000000086500000, 0x0000000086600000|  0%| F|  |TAMS 0x0000000086500000| PB 0x0000000086500000| Untracked 
|  62|0x0000000086600000, 0x0000000086600000, 0x0000000086700000|  0%| F|  |TAMS 0x0000000086600000| PB 0x0000000086600000| Untracked 
|  63|0x0000000086700000, 0x0000000086700000, 0x0000000086800000|  0%| F|  |TAMS 0x0000000086700000| PB 0x0000000086700000| Untracked 
|  64|0x0000000086800000, 0x0000000086800000, 0x0000000086900000|  0%| F|  |TAMS 0x0000000086800000| PB 0x0000000086800000| Untracked 
|  65|0x0000000086900000, 0x0000000086900000, 0x0000000086a00000|  0%| F|  |TAMS 0x0000000086900000| PB 0x0000000086900000| Untracked 
|  66|0x0000000086a00000, 0x0000000086a00000, 0x0000000086b00000|  0%| F|  |TAMS 0x0000000086a00000| PB 0x0000000086a00000| Untracked 
|  67|0x0000000086b00000, 0x0000000086b00000, 0x0000000086c00000|  0%| F|  |TAMS 0x0000000086b00000| PB 0x0000000086b00000| Untracked 
|  68|0x0000000086c00000, 0x0000000086c00000, 0x0000000086d00000|  0%| F|  |TAMS 0x0000000086c00000| PB 0x0000000086c00000| Untracked 
|  69|0x0000000086d00000, 0x0000000086d00000, 0x0000000086e00000|  0%| F|  |TAMS 0x0000000086d00000| PB 0x0000000086d00000| Untracked 
|  70|0x0000000086e00000, 0x0000000086e00000, 0x0000000086f00000|  0%| F|  |TAMS 0x0000000086e00000| PB 0x0000000086e00000| Untracked 
|  71|0x0000000086f00000, 0x0000000086f00000, 0x0000000087000000|  0%| F|  |TAMS 0x0000000086f00000| PB 0x0000000086f00000| Untracked 
|  72|0x0000000087000000, 0x0000000087000000, 0x0000000087100000|  0%| F|  |TAMS 0x0000000087000000| PB 0x0000000087000000| Untracked 
|  73|0x0000000087100000, 0x0000000087100000, 0x0000000087200000|  0%| F|  |TAMS 0x0000000087100000| PB 0x0000000087100000| Untracked 
|  74|0x0000000087200000, 0x0000000087200000, 0x0000000087300000|  0%| F|  |TAMS 0x0000000087200000| PB 0x0000000087200000| Untracked 
|  75|0x0000000087300000, 0x0000000087300000, 0x0000000087400000|  0%| F|  |TAMS 0x0000000087300000| PB 0x0000000087300000| Untracked 
|  76|0x0000000087400000, 0x0000000087400000, 0x0000000087500000|  0%| F|  |TAMS 0x0000000087400000| PB 0x0000000087400000| Untracked 
|  77|0x0000000087500000, 0x0000000087500000, 0x0000000087600000|  0%| F|  |TAMS 0x0000000087500000| PB 0x0000000087500000| Untracked 
|  78|0x0000000087600000, 0x0000000087600000, 0x0000000087700000|  0%| F|  |TAMS 0x0000000087600000| PB 0x0000000087600000| Untracked 
|  79|0x0000000087700000, 0x0000000087700000, 0x0000000087800000|  0%| F|  |TAMS 0x0000000087700000| PB 0x0000000087700000| Untracked 
|  80|0x0000000087800000, 0x0000000087800000, 0x0000000087900000|  0%| F|  |TAMS 0x0000000087800000| PB 0x0000000087800000| Untracked 
|  81|0x0000000087900000, 0x0000000087900000, 0x0000000087a00000|  0%| F|  |TAMS 0x0000000087900000| PB 0x0000000087900000| Untracked 
|  82|0x0000000087a00000, 0x0000000087a00000, 0x0000000087b00000|  0%| F|  |TAMS 0x0000000087a00000| PB 0x0000000087a00000| Untracked 
|  83|0x0000000087b00000, 0x0000000087b00000, 0x0000000087c00000|  0%| F|  |TAMS 0x0000000087b00000| PB 0x0000000087b00000| Untracked 
|  84|0x0000000087c00000, 0x0000000087c00000, 0x0000000087d00000|  0%| F|  |TAMS 0x0000000087c00000| PB 0x0000000087c00000| Untracked 
|  85|0x0000000087d00000, 0x0000000087d00000, 0x0000000087e00000|  0%| F|  |TAMS 0x0000000087d00000| PB 0x0000000087d00000| Untracked 
|  86|0x0000000087e00000, 0x0000000087e00000, 0x0000000087f00000|  0%| F|  |TAMS 0x0000000087e00000| PB 0x0000000087e00000| Untracked 
|  87|0x0000000087f00000, 0x0000000087f00000, 0x0000000088000000|  0%| F|  |TAMS 0x0000000087f00000| PB 0x0000000087f00000| Untracked 
|  88|0x0000000088000000, 0x0000000088000000, 0x0000000088100000|  0%| F|  |TAMS 0x0000000088000000| PB 0x0000000088000000| Untracked 
|  89|0x0000000088100000, 0x0000000088100000, 0x0000000088200000|  0%| F|  |TAMS 0x0000000088100000| PB 0x0000000088100000| Untracked 
|  90|0x0000000088200000, 0x0000000088200000, 0x0000000088300000|  0%| F|  |TAMS 0x0000000088200000| PB 0x0000000088200000| Untracked 
|  91|0x0000000088300000, 0x0000000088300000, 0x0000000088400000|  0%| F|  |TAMS 0x0000000088300000| PB 0x0000000088300000| Untracked 
|  92|0x0000000088400000, 0x0000000088400000, 0x0000000088500000|  0%| F|  |TAMS 0x0000000088400000| PB 0x0000000088400000| Untracked 
|  93|0x0000000088500000, 0x0000000088500000, 0x0000000088600000|  0%| F|  |TAMS 0x0000000088500000| PB 0x0000000088500000| Untracked 
|  94|0x0000000088600000, 0x0000000088600000, 0x0000000088700000|  0%| F|  |TAMS 0x0000000088600000| PB 0x0000000088600000| Untracked 
|  95|0x0000000088700000, 0x0000000088700000, 0x0000000088800000|  0%| F|  |TAMS 0x0000000088700000| PB 0x0000000088700000| Untracked 
|  96|0x0000000088800000, 0x0000000088800000, 0x0000000088900000|  0%| F|  |TAMS 0x0000000088800000| PB 0x0000000088800000| Untracked 
|  97|0x0000000088900000, 0x0000000088900000, 0x0000000088a00000|  0%| F|  |TAMS 0x0000000088900000| PB 0x0000000088900000| Untracked 
|  98|0x0000000088a00000, 0x0000000088a00000, 0x0000000088b00000|  0%| F|  |TAMS 0x0000000088a00000| PB 0x0000000088a00000| Untracked 
|  99|0x0000000088b00000, 0x0000000088b00000, 0x0000000088c00000|  0%| F|  |TAMS 0x0000000088b00000| PB 0x0000000088b00000| Untracked 
| 100|0x0000000088c00000, 0x0000000088c00000, 0x0000000088d00000|  0%| F|  |TAMS 0x0000000088c00000| PB 0x0000000088c00000| Untracked 
| 101|0x0000000088d00000, 0x0000000088d00000, 0x0000000088e00000|  0%| F|  |TAMS 0x0000000088d00000| PB 0x0000000088d00000| Untracked 
| 102|0x0000000088e00000, 0x0000000088e00000, 0x0000000088f00000|  0%| F|  |TAMS 0x0000000088e00000| PB 0x0000000088e00000| Untracked 
| 103|0x0000000088f00000, 0x0000000088f00000, 0x0000000089000000|  0%| F|  |TAMS 0x0000000088f00000| PB 0x0000000088f00000| Untracked 
| 104|0x0000000089000000, 0x0000000089000000, 0x0000000089100000|  0%| F|  |TAMS 0x0000000089000000| PB 0x0000000089000000| Untracked 
| 105|0x0000000089100000, 0x0000000089100000, 0x0000000089200000|  0%| F|  |TAMS 0x0000000089100000| PB 0x0000000089100000| Untracked 
| 106|0x0000000089200000, 0x0000000089200000, 0x0000000089300000|  0%| F|  |TAMS 0x0000000089200000| PB 0x0000000089200000| Untracked 
| 107|0x0000000089300000, 0x0000000089300000, 0x0000000089400000|  0%| F|  |TAMS 0x0000000089300000| PB 0x0000000089300000| Untracked 
| 108|0x0000000089400000, 0x0000000089400000, 0x0000000089500000|  0%| F|  |TAMS 0x0000000089400000| PB 0x0000000089400000| Untracked 
| 109|0x0000000089500000, 0x0000000089500000, 0x0000000089600000|  0%| F|  |TAMS 0x0000000089500000| PB 0x0000000089500000| Untracked 
| 110|0x0000000089600000, 0x0000000089600000, 0x0000000089700000|  0%| F|  |TAMS 0x0000000089600000| PB 0x0000000089600000| Untracked 
| 111|0x0000000089700000, 0x0000000089700000, 0x0000000089800000|  0%| F|  |TAMS 0x0000000089700000| PB 0x0000000089700000| Untracked 
| 112|0x0000000089800000, 0x0000000089800000, 0x0000000089900000|  0%| F|  |TAMS 0x0000000089800000| PB 0x0000000089800000| Untracked 
| 113|0x0000000089900000, 0x0000000089900000, 0x0000000089a00000|  0%| F|  |TAMS 0x0000000089900000| PB 0x0000000089900000| Untracked 
| 114|0x0000000089a00000, 0x0000000089a00000, 0x0000000089b00000|  0%| F|  |TAMS 0x0000000089a00000| PB 0x0000000089a00000| Untracked 
| 115|0x0000000089b00000, 0x0000000089b00000, 0x0000000089c00000|  0%| F|  |TAMS 0x0000000089b00000| PB 0x0000000089b00000| Untracked 
| 116|0x0000000089c00000, 0x0000000089c00000, 0x0000000089d00000|  0%| F|  |TAMS 0x0000000089c00000| PB 0x0000000089c00000| Untracked 
| 117|0x0000000089d00000, 0x0000000089d00000, 0x0000000089e00000|  0%| F|  |TAMS 0x0000000089d00000| PB 0x0000000089d00000| Untracked 
| 118|0x0000000089e00000, 0x0000000089e00000, 0x0000000089f00000|  0%| F|  |TAMS 0x0000000089e00000| PB 0x0000000089e00000| Untracked 
| 119|0x0000000089f00000, 0x0000000089f00000, 0x000000008a000000|  0%| F|  |TAMS 0x0000000089f00000| PB 0x0000000089f00000| Untracked 
| 120|0x000000008a000000, 0x000000008a000000, 0x000000008a100000|  0%| F|  |TAMS 0x000000008a000000| PB 0x000000008a000000| Untracked 
| 121|0x000000008a100000, 0x000000008a100000, 0x000000008a200000|  0%| F|  |TAMS 0x000000008a100000| PB 0x000000008a100000| Untracked 
| 122|0x000000008a200000, 0x000000008a276440, 0x000000008a300000| 46%| E|  |TAMS 0x000000008a200000| PB 0x000000008a200000| Complete 
| 123|0x000000008a300000, 0x000000008a400000, 0x000000008a400000|100%| E|CS|TAMS 0x000000008a300000| PB 0x000000008a300000| Complete 
| 124|0x000000008a400000, 0x000000008a500000, 0x000000008a500000|100%| E|CS|TAMS 0x000000008a400000| PB 0x000000008a400000| Complete 
| 125|0x000000008a500000, 0x000000008a600000, 0x000000008a600000|100%| E|CS|TAMS 0x000000008a500000| PB 0x000000008a500000| Complete 

Card table byte_map: [0x000001e450ac0000,0x000001e450eb0000] _byte_map_base: 0x000001e4506ac000

Marking Bits: (CMBitMap*) 0x000001e43d8fcd80
 Bits: [0x000001e450eb0000, 0x000001e452e10000)

Polling page: 0x000001e43d060000

Metaspace:

Usage:
  Non-class:      7.56 MB used.
      Class:    707.99 KB used.
       Both:      8.25 MB used.

Virtual space:
  Non-class space:       64.00 MB reserved,       7.62 MB ( 12%) committed,  1 nodes.
      Class space:        1.00 GB reserved,     832.00 KB ( <1%) committed,  1 nodes.
             Both:        1.06 GB reserved,       8.44 MB ( <1%) committed. 

Chunk freelists:
   Non-Class:  8.20 MB
       Class:  15.24 MB
        Both:  23.45 MB

MaxMetaspaceSize: unlimited
CompressedClassSpaceSize: 1.00 GB
Initial GC threshold: 21.00 MB
Current GC threshold: 21.00 MB
CDS: off
 - commit_granule_bytes: 65536.
 - commit_granule_words: 8192.
 - virtual_space_node_default_size: 8388608.
 - enlarge_chunks_in_place: 1.
 - use_allocation_guard: 0.


Internal statistics:

num_allocs_failed_limit: 0.
num_arena_births: 16.
num_arena_deaths: 0.
num_vsnodes_births: 2.
num_vsnodes_deaths: 0.
num_space_committed: 135.
num_space_uncommitted: 0.
num_chunks_returned_to_freelist: 0.
num_chunks_taken_from_freelist: 39.
num_chunk_merges: 0.
num_chunk_splits: 17.
num_chunks_enlarged: 7.
num_inconsistent_stats: 0.

CodeHeap 'non-profiled nmethods': size=120000Kb used=86Kb max_used=86Kb free=119913Kb
 bounds [0x000001e448e70000, 0x000001e4490e0000, 0x000001e4503a0000]
CodeHeap 'profiled nmethods': size=120000Kb used=357Kb max_used=357Kb free=119642Kb
 bounds [0x000001e4413a0000, 0x000001e441610000, 0x000001e4488d0000]
CodeHeap 'non-nmethods': size=5760Kb used=1307Kb max_used=1324Kb free=4452Kb
 bounds [0x000001e4488d0000, 0x000001e448b40000, 0x000001e448e70000]
 total_blobs=701 nmethods=279 adapters=327
 compilation: enabled
              stopped_count=0, restarted_count=0
 full_count=0

Compilation events (20 events):
Event: 0.473 Thread 0x000001e45593c0e0 nmethod 267 0x000001e4413f3b10 code [0x000001e4413f3ca0, 0x000001e4413f3e50]
Event: 0.473 Thread 0x000001e45593c0e0  269       3       java.lang.String::replace (42 bytes)
Event: 0.473 Thread 0x000001e45593c0e0 nmethod 269 0x000001e4413f3f10 code [0x000001e4413f40e0, 0x000001e4413f4408]
Event: 0.473 Thread 0x000001e45593c0e0  268       3       jdk.internal.util.ArraysSupport::newLength (27 bytes)
Event: 0.473 Thread 0x000001e45593c0e0 nmethod 268 0x000001e4413f4510 code [0x000001e4413f46c0, 0x000001e4413f4920]
Event: 0.475 Thread 0x000001e45593c0e0  270       3       java.nio.Buffer::session (20 bytes)
Event: 0.475 Thread 0x000001e45593c0e0 nmethod 270 0x000001e4413f4a10 code [0x000001e4413f4bc0, 0x000001e4413f4e90]
Event: 0.475 Thread 0x000001e45593c0e0  271       3       java.nio.Buffer::checkIndex (12 bytes)
Event: 0.475 Thread 0x000001e45593c0e0 nmethod 271 0x000001e4413f4f90 code [0x000001e4413f5120, 0x000001e4413f5280]
Event: 0.477 Thread 0x000001e45593c0e0  272       3       java.lang.StringLatin1::lastIndexOf (40 bytes)
Event: 0.478 Thread 0x000001e45593c0e0 nmethod 272 0x000001e4413f5390 code [0x000001e4413f5560, 0x000001e4413f5950]
Event: 0.483 Thread 0x000001e45593c0e0  273       3       java.lang.invoke.MemberName::getModifiers (8 bytes)
Event: 0.483 Thread 0x000001e45593c0e0 nmethod 273 0x000001e4413f5a90 code [0x000001e4413f5c20, 0x000001e4413f5d30]
Event: 0.483 Thread 0x000001e45593c0e0  274       3       java.lang.invoke.MemberName::isConstructor (8 bytes)
Event: 0.483 Thread 0x000001e45593c0e0 nmethod 274 0x000001e4413f5d90 code [0x000001e4413f5f20, 0x000001e4413f60f0]
Event: 0.484 Thread 0x000001e45593c0e0  276       3       java.lang.StringBuilder::toString (9 bytes)
Event: 0.484 Thread 0x000001e45593c0e0 nmethod 276 0x000001e4413f6190 code [0x000001e4413f6340, 0x000001e4413f6548]
Event: 0.484 Thread 0x000001e45593c0e0  277       3       java.lang.String::<init> (7 bytes)
Event: 0.484 Thread 0x000001e45593c0e0 nmethod 277 0x000001e4413f6610 code [0x000001e4413f67c0, 0x000001e4413f6908]
Event: 0.484 Thread 0x000001e45593c0e0  278       3       java.lang.String::<init> (99 bytes)

GC Heap History (0 events):
No events

Dll operation events (6 events):
Event: 0.014 Loaded shared library C:\Users\hazem\Downloads\eclipse-jee-2024-09-R-win32-x86_64\eclipse\plugins\org.eclipse.justj.openjdk.hotspot.jre.full.win32.x86_64_21.0.4.v20240802-1551\jre\bin\java.dll
Event: 0.022 Loaded shared library C:\Users\hazem\Downloads\eclipse-jee-2024-09-R-win32-x86_64\eclipse\plugins\org.eclipse.justj.openjdk.hotspot.jre.full.win32.x86_64_21.0.4.v20240802-1551\jre\bin\zip.dll
Event: 0.269 Loaded shared library C:\Users\hazem\Downloads\eclipse-jee-2024-09-R-win32-x86_64\eclipse\plugins\org.eclipse.justj.openjdk.hotspot.jre.full.win32.x86_64_21.0.4.v20240802-1551\jre\bin\net.dll
Event: 0.276 Loaded shared library C:\Users\hazem\Downloads\eclipse-jee-2024-09-R-win32-x86_64\eclipse\plugins\org.eclipse.justj.openjdk.hotspot.jre.full.win32.x86_64_21.0.4.v20240802-1551\jre\bin\nio.dll
Event: 0.433 Loaded shared library C:\Users\hazem\Downloads\eclipse-jee-2024-09-R-win32-x86_64\eclipse\plugins\org.eclipse.justj.openjdk.hotspot.jre.full.win32.x86_64_21.0.4.v20240802-1551\jre\bin\jimage.dll
Event: 0.445 Loaded shared library C:\Users\hazem\Downloads\eclipse-jee-2024-09-R-win32-x86_64\eclipse\plugins\org.eclipse.justj.openjdk.hotspot.jre.full.win32.x86_64_21.0.4.v20240802-1551\jre\bin\zip.dll

Deoptimization events (4 events):
Event: 0.386 Thread 0x000001e43d89f7f0 Uncommon trap: trap_request=0xffffff45 fr.pc=0x000001e448e790e4 relative=0x00000000000000c4
Event: 0.386 Thread 0x000001e43d89f7f0 Uncommon trap: reason=unstable_if action=reinterpret pc=0x000001e448e790e4 method=java.lang.String.isLatin1()Z @ 10 c2
Event: 0.386 Thread 0x000001e43d89f7f0 DEOPT PACKING pc=0x000001e448e790e4 sp=0x00000097844fee00
Event: 0.386 Thread 0x000001e43d89f7f0 DEOPT UNPACKING pc=0x000001e4489246a2 sp=0x00000097844fed40 mode 2

Classes loaded (20 events):
Event: 0.474 Loading class java/lang/IllegalAccessException
Event: 0.474 Loading class java/lang/IllegalAccessException done
Event: 0.478 Loading class java/util/Collections$EmptyEnumeration
Event: 0.478 Loading class java/util/Collections$EmptyEnumeration done
Event: 0.481 Loading class sun/util/locale/provider/LocaleResources$ResourceReference
Event: 0.481 Loading class sun/util/locale/provider/LocaleResources$ResourceReference done
Event: 0.481 Loading class java/text/DecimalFormatSymbols
Event: 0.482 Loading class java/text/DecimalFormatSymbols done
Event: 0.482 Loading class java/text/spi/DecimalFormatSymbolsProvider
Event: 0.482 Loading class java/text/spi/DecimalFormatSymbolsProvider done
Event: 0.483 Loading class sun/util/locale/provider/DecimalFormatSymbolsProviderImpl
Event: 0.483 Loading class sun/util/locale/provider/DecimalFormatSymbolsProviderImpl done
Event: 0.484 Loading class java/lang/StringLatin1$CharsSpliterator
Event: 0.484 Loading class java/lang/StringLatin1$CharsSpliterator done
Event: 0.484 Loading class java/util/stream/IntPipeline$Head
Event: 0.484 Loading class java/util/stream/IntPipeline
Event: 0.485 Loading class java/util/stream/IntStream
Event: 0.485 Loading class java/util/stream/IntStream done
Event: 0.486 Loading class java/util/stream/IntPipeline done
Event: 0.486 Loading class java/util/stream/IntPipeline$Head done

Classes unloaded (0 events):
No events

Classes redefined (0 events):
No events

Internal exceptions (2 events):
Event: 0.311 Thread 0x000001e43d89f7f0 Exception <a 'java/lang/NoSuchMethodError'{0x000000008a43e640}: 'void java.lang.invoke.DirectMethodHandle$Holder.invokeVirtual(java.lang.Object, java.lang.Object)'> (0x000000008a43e640) 
thrown [s\src\hotspot\share\interpreter\linkResolver.cpp, line 773]
Event: 0.315 Thread 0x000001e43d89f7f0 Exception <a 'java/lang/NoSuchMethodError'{0x000000008a4499f0}: 'java.lang.Object java.lang.invoke.DirectMethodHandle$Holder.invokeInterface(java.lang.Object, java.lang.Object, java.lang.Object)'> (0x000000008a4499f0) 
thrown [s\src\hotspot\share\interpreter\linkResolver.cpp, line 773]

ZGC Phase Switch (0 events):
No events

VM Operations (2 events):
Event: 0.348 Executing VM operation: HandshakeAllThreads (Deoptimize)
Event: 0.348 Executing VM operation: HandshakeAllThreads (Deoptimize) done

Memory protections (0 events):
No events

Nmethod flushes (0 events):
No events

Events (11 events):
Event: 0.020 Thread 0x000001e43d89f7f0 Thread added: 0x000001e43d89f7f0
Event: 0.110 Thread 0x000001e43d89f7f0 Thread added: 0x000001e455934fe0
Event: 0.111 Thread 0x000001e43d89f7f0 Thread added: 0x000001e455935d70
Event: 0.113 Thread 0x000001e43d89f7f0 Thread added: 0x000001e4559172d0
Event: 0.113 Thread 0x000001e43d89f7f0 Thread added: 0x000001e45591be50
Event: 0.113 Thread 0x000001e43d89f7f0 Thread added: 0x000001e45591c8b0
Event: 0.113 Thread 0x000001e43d89f7f0 Thread added: 0x000001e455937020
Event: 0.113 Thread 0x000001e43d89f7f0 Thread added: 0x000001e45593b3e0
Event: 0.113 Thread 0x000001e43d89f7f0 Thread added: 0x000001e45593c0e0
Event: 0.244 Thread 0x000001e43d89f7f0 Thread added: 0x000001e45580b430
Event: 0.381 Thread 0x000001e43d89f7f0 Thread added: 0x000001e455c304d0


Dynamic libraries:
0x00007ff653cc0000 - 0x00007ff653cce000 	C:\Users\hazem\Downloads\eclipse-jee-2024-09-R-win32-x86_64\eclipse\plugins\org.eclipse.justj.openjdk.hotspot.jre.full.win32.x86_64_21.0.4.v20240802-1551\jre\bin\javaw.exe
0x00007fffaa470000 - 0x00007fffaa687000 	C:\WINDOWS\SYSTEM32\ntdll.dll
0x00007fffa8730000 - 0x00007fffa87f4000 	C:\WINDOWS\System32\KERNEL32.DLL
0x00007fffa7a40000 - 0x00007fffa7dfa000 	C:\WINDOWS\System32\KERNELBASE.dll
0x00007fffa7920000 - 0x00007fffa7a31000 	C:\WINDOWS\System32\ucrtbase.dll
0x00007fff89720000 - 0x00007fff89738000 	C:\Users\hazem\Downloads\eclipse-jee-2024-09-R-win32-x86_64\eclipse\plugins\org.eclipse.justj.openjdk.hotspot.jre.full.win32.x86_64_21.0.4.v20240802-1551\jre\bin\jli.dll
0x00007fff68df0000 - 0x00007fff68e0b000 	C:\Users\hazem\Downloads\eclipse-jee-2024-09-R-win32-x86_64\eclipse\plugins\org.eclipse.justj.openjdk.hotspot.jre.full.win32.x86_64_21.0.4.v20240802-1551\jre\bin\VCRUNTIME140.dll
0x00007fffa9ca0000 - 0x00007fffa9e4e000 	C:\WINDOWS\System32\USER32.dll
0x00007fffa8010000 - 0x00007fffa8036000 	C:\WINDOWS\System32\win32u.dll
0x00007fff942b0000 - 0x00007fff94542000 	C:\WINDOWS\WinSxS\amd64_microsoft.windows.common-controls_6595b64144ccf1df_6.0.22621.4541_none_2710d1c57384c085\COMCTL32.dll
0x00007fffa8670000 - 0x00007fffa8699000 	C:\WINDOWS\System32\GDI32.dll
0x00007fffa85c0000 - 0x00007fffa8667000 	C:\WINDOWS\System32\msvcrt.dll
0x00007fffa7800000 - 0x00007fffa791b000 	C:\WINDOWS\System32\gdi32full.dll
0x00007fffa7e00000 - 0x00007fffa7e9a000 	C:\WINDOWS\System32\msvcp_win.dll
0x00007fffa9540000 - 0x00007fffa9571000 	C:\WINDOWS\System32\IMM32.DLL
0x00007fff8d1d0000 - 0x00007fff8d1dc000 	C:\Users\hazem\Downloads\eclipse-jee-2024-09-R-win32-x86_64\eclipse\plugins\org.eclipse.justj.openjdk.hotspot.jre.full.win32.x86_64_21.0.4.v20240802-1551\jre\bin\vcruntime140_1.dll
0x00007fff46220000 - 0x00007fff462ae000 	C:\Users\hazem\Downloads\eclipse-jee-2024-09-R-win32-x86_64\eclipse\plugins\org.eclipse.justj.openjdk.hotspot.jre.full.win32.x86_64_21.0.4.v20240802-1551\jre\bin\msvcp140.dll
0x00007ffee0880000 - 0x00007ffee1608000 	C:\Users\hazem\Downloads\eclipse-jee-2024-09-R-win32-x86_64\eclipse\plugins\org.eclipse.justj.openjdk.hotspot.jre.full.win32.x86_64_21.0.4.v20240802-1551\jre\bin\server\jvm.dll
0x00007fffa9be0000 - 0x00007fffa9c92000 	C:\WINDOWS\System32\ADVAPI32.dll
0x00007fffa8510000 - 0x00007fffa85b7000 	C:\WINDOWS\System32\sechost.dll
0x00007fffa77d0000 - 0x00007fffa77f8000 	C:\WINDOWS\System32\bcrypt.dll
0x00007fffa9200000 - 0x00007fffa9314000 	C:\WINDOWS\System32\RPCRT4.dll
0x00007fffa9580000 - 0x00007fffa95f1000 	C:\WINDOWS\System32\WS2_32.dll
0x00007fffa7620000 - 0x00007fffa766d000 	C:\WINDOWS\SYSTEM32\POWRPROF.dll
0x00007fff9b0e0000 - 0x00007fff9b114000 	C:\WINDOWS\SYSTEM32\WINMM.dll
0x00007fff9c260000 - 0x00007fff9c26a000 	C:\WINDOWS\SYSTEM32\VERSION.dll
0x00007fffa7550000 - 0x00007fffa7563000 	C:\WINDOWS\SYSTEM32\UMPDC.dll
0x00007fffa6750000 - 0x00007fffa6768000 	C:\WINDOWS\SYSTEM32\kernel.appcore.dll
0x00007fffa3e80000 - 0x00007fffa3e8a000 	C:\Users\hazem\Downloads\eclipse-jee-2024-09-R-win32-x86_64\eclipse\plugins\org.eclipse.justj.openjdk.hotspot.jre.full.win32.x86_64_21.0.4.v20240802-1551\jre\bin\jimage.dll
0x00007fff9f350000 - 0x00007fff9f582000 	C:\WINDOWS\SYSTEM32\DBGHELP.DLL
0x00007fffa97c0000 - 0x00007fffa9b4f000 	C:\WINDOWS\System32\combase.dll
0x00007fffa8180000 - 0x00007fffa8257000 	C:\WINDOWS\System32\OLEAUT32.dll
0x00007fff8a780000 - 0x00007fff8a7b2000 	C:\WINDOWS\SYSTEM32\dbgcore.DLL
0x00007fffa8040000 - 0x00007fffa80bb000 	C:\WINDOWS\System32\bcryptPrimitives.dll
0x00007fff9f260000 - 0x00007fff9f27f000 	C:\Users\hazem\Downloads\eclipse-jee-2024-09-R-win32-x86_64\eclipse\plugins\org.eclipse.justj.openjdk.hotspot.jre.full.win32.x86_64_21.0.4.v20240802-1551\jre\bin\java.dll
0x00007fff9f240000 - 0x00007fff9f258000 	C:\Users\hazem\Downloads\eclipse-jee-2024-09-R-win32-x86_64\eclipse\plugins\org.eclipse.justj.openjdk.hotspot.jre.full.win32.x86_64_21.0.4.v20240802-1551\jre\bin\zip.dll
0x00007fffa8970000 - 0x00007fffa91e8000 	C:\WINDOWS\System32\SHELL32.dll
0x00007fffa5640000 - 0x00007fffa5f48000 	C:\WINDOWS\SYSTEM32\windows.storage.dll
0x00007fffa5500000 - 0x00007fffa563f000 	C:\WINDOWS\SYSTEM32\wintypes.dll
0x00007fffa83e0000 - 0x00007fffa84da000 	C:\WINDOWS\System32\SHCORE.dll
0x00007fffa86c0000 - 0x00007fffa871e000 	C:\WINDOWS\System32\shlwapi.dll
0x00007fffa7680000 - 0x00007fffa76ab000 	C:\WINDOWS\SYSTEM32\profapi.dll
0x00007fff9f200000 - 0x00007fff9f210000 	C:\Users\hazem\Downloads\eclipse-jee-2024-09-R-win32-x86_64\eclipse\plugins\org.eclipse.justj.openjdk.hotspot.jre.full.win32.x86_64_21.0.4.v20240802-1551\jre\bin\net.dll
0x00007fff9bfb0000 - 0x00007fff9c0e6000 	C:\WINDOWS\SYSTEM32\WINHTTP.dll
0x00007fffa6bd0000 - 0x00007fffa6c39000 	C:\WINDOWS\system32\mswsock.dll
0x00007fff90c30000 - 0x00007fff90c46000 	C:\Users\hazem\Downloads\eclipse-jee-2024-09-R-win32-x86_64\eclipse\plugins\org.eclipse.justj.openjdk.hotspot.jre.full.win32.x86_64_21.0.4.v20240802-1551\jre\bin\nio.dll

dbghelp: loaded successfully - version: 4.0.5 - missing functions: none
symbol engine: initialized successfully - sym options: 0x614 - pdb path: .;C:\Users\hazem\Downloads\eclipse-jee-2024-09-R-win32-x86_64\eclipse\plugins\org.eclipse.justj.openjdk.hotspot.jre.full.win32.x86_64_21.0.4.v20240802-1551\jre\bin;C:\WINDOWS\SYSTEM32;C:\WINDOWS\WinSxS\amd64_microsoft.windows.common-controls_6595b64144ccf1df_6.0.22621.4541_none_2710d1c57384c085;C:\Users\hazem\Downloads\eclipse-jee-2024-09-R-win32-x86_64\eclipse\plugins\org.eclipse.justj.openjdk.hotspot.jre.full.win32.x86_64_21.0.4.v20240802-1551\jre\bin\server

VM Arguments:
jvm_args: -Dfile.encoding=UTF-8 -Dstdout.encoding=UTF-8 -Dstderr.encoding=UTF-8 --module-path=C:\Users\hazem\git\progettoDistributoreGr7\DistributoreAutomatico\bin -XX:+ShowCodeDetailsInExceptionMessages -Djdk.module.main=DistributoreAutomatico 
java_command: DistributoreAutomatico/mainpackage.DistributoreBevande
java_class_path (initial): <not set>
Launcher Type: SUN_STANDARD

[Global flags]
     intx CICompilerCount                          = 4                                         {product} {ergonomic}
     uint ConcGCThreads                            = 2                                         {product} {ergonomic}
     uint G1ConcRefinementThreads                  = 8                                         {product} {ergonomic}
   size_t G1HeapRegionSize                         = 1048576                                   {product} {ergonomic}
    uintx GCDrainStackTargetSize                   = 64                                        {product} {ergonomic}
   size_t InitialHeapSize                          = 132120576                                 {product} {ergonomic}
   size_t MarkStackSize                            = 4194304                                   {product} {ergonomic}
   size_t MaxHeapSize                              = 2105540608                                {product} {ergonomic}
   size_t MaxNewSize                               = 1262485504                                {product} {ergonomic}
   size_t MinHeapDeltaBytes                        = 1048576                                   {product} {ergonomic}
   size_t MinHeapSize                              = 8388608                                   {product} {ergonomic}
    uintx NonNMethodCodeHeapSize                   = 5839372                                {pd product} {ergonomic}
    uintx NonProfiledCodeHeapSize                  = 122909434                              {pd product} {ergonomic}
    uintx ProfiledCodeHeapSize                     = 122909434                              {pd product} {ergonomic}
    uintx ReservedCodeCacheSize                    = 251658240                              {pd product} {ergonomic}
     bool SegmentedCodeCache                       = true                                      {product} {ergonomic}
     bool ShowCodeDetailsInExceptionMessages       = true                                   {manageable} {command line}
   size_t SoftMaxHeapSize                          = 2105540608                             {manageable} {ergonomic}
     bool UseCompressedOops                        = true                           {product lp64_product} {ergonomic}
     bool UseG1GC                                  = true                                      {product} {ergonomic}
     bool UseLargePagesIndividualAllocation        = false                                  {pd product} {ergonomic}

Logging:
Log output configuration:
 #0: stdout all=warning uptime,level,tags foldmultilines=false
 #1: stderr all=off uptime,level,tags foldmultilines=false

Environment Variables:
PATH=C:/Users/hazem/Downloads/eclipse-jee-2024-09-R-win32-x86_64/eclipse//plugins/org.eclipse.justj.openjdk.hotspot.jre.full.win32.x86_64_21.0.4.v20240802-1551/jre/bin/server;C:/Users/hazem/Downloads/eclipse-jee-2024-09-R-win32-x86_64/eclipse//plugins/org.eclipse.justj.openjdk.hotspot.jre.full.win32.x86_64_21.0.4.v20240802-1551/jre/bin;C:\Program Files\Common Files\Oracle\Java\javapath;C:\Program Files (x86)\NVIDIA Corporation\PhysX\Common;C:\Windows\System32\HWAudioDriverLibs;C:\WINDOWS\system32;C:\WINDOWS;C:\WINDOWS\System32\Wbem;C:\WINDOWS\System32\WindowsPowerShell\v1.0\;C:\WINDOWS\System32\OpenSSH\;C:\WINDOWS\system32\config\systemprofile\AppData\Local\Microsoft\WindowsApps;C:\WINDOWS\system32;C:\WINDOWS;C:\WINDOWS\System32\Wbem;C:\WINDOWS\System32\WindowsPowerShell\v1.0\;C:\WINDOWS\System32\OpenSSH\;C:\Program Files\Microsoft SQL Server\150\Tools\Binn\;C:\Program Files\Microsoft SQL Server\Client SDK\ODBC\170\Tools\Binn\;C:\Program Files\dotnet\;C:\Program Files\nodejs\;C:\ProgramData\chocolatey\bin;C:\Users\hazem\AppData\Local\Microsoft\WindowsApps;C:\Users\hazem\AppData\Local\Programs\Microsoft VS Code\bin;C:\Users\hazem\AppData\Local\Programs\MiKTeX\miktex\bin\x64\;C:\Users\hazem\.dotnet\tools;C:\Users\hazem\AppData\Roaming\npm;C:\Users\hazem\Downloads\eclipse-jee-2024-09-R-win32-x86_64\eclipse;
USERNAME=hazem
OS=Windows_NT
PROCESSOR_IDENTIFIER=Intel64 Family 6 Model 142 Stepping 12, GenuineIntel
TMP=C:\Users\hazem\AppData\Local\Temp
TEMP=C:\Users\hazem\AppData\Local\Temp




Periodic native trim disabled

---------------  S Y S T E M  ---------------

OS:
 Windows 11 , 64 bit Build 22621 (10.0.22621.4391)
OS uptime: 0 days 2:00 hours
Hyper-V role detected

CPU: total 8 (initial active 8) (4 cores per cpu, 2 threads per core) family 6 model 142 stepping 12 microcode 0xde, cx8, cmov, fxsr, ht, mmx, 3dnowpref, sse, sse2, sse3, ssse3, sse4.1, sse4.2, popcnt, lzcnt, tsc, tscinvbit, avx, avx2, aes, erms, clmul, bmi1, bmi2, adx, fma, vzeroupper, clflush, clflushopt, hv, rdtscp, f16c
Processor Information for processor 0
  Max Mhz: 2112, Current Mhz: 2112, Mhz Limit: 1605
Processor Information for processor 1
  Max Mhz: 2112, Current Mhz: 2112, Mhz Limit: 1605
Processor Information for processor 2
  Max Mhz: 2112, Current Mhz: 1508, Mhz Limit: 1605
Processor Information for processor 3
  Max Mhz: 2112, Current Mhz: 2112, Mhz Limit: 1605
Processor Information for processor 4
  Max Mhz: 2112, Current Mhz: 2112, Mhz Limit: 1605
Processor Information for processor 5
  Max Mhz: 2112, Current Mhz: 1508, Mhz Limit: 1605
Processor Information for processor 6
  Max Mhz: 2112, Current Mhz: 2112, Mhz Limit: 1605
Processor Information for processor 7
  Max Mhz: 2112, Current Mhz: 2112, Mhz Limit: 1605

Memory: 4k page, system-wide physical 8025M (1083M free)
TotalPageFile size 12121M (AvailPageFile size 2M)
current process WorkingSet (physical memory assigned to process): 42M, peak: 42M
current process commit charge ("private bytes"): 206M, peak: 206M

vm_info: OpenJDK 64-Bit Server VM (21.0.4+7-LTS) for windows-amd64 JRE (21.0.4+7-LTS), built on 2024-07-16T00:00:00Z by "admin" with MS VC++ 17.7 (VS2022)

END.
